<?xml version="1.0" encoding="UTF-8"?>
<!-- Generated by org.testng.reporters.JUnitXMLReporter -->
<testsuite ignored="0" hostname="8F3XQT2" failures="1" tests="2" name="Test" time="64.711" errors="0" timestamp="10 Oct 2023 04:09:35 GMT">
  <testcase classname="com.djt.testcases.testbase.login.login" name="login" time="3.365"/>
  <testcase classname="com.djt.testcases.testbase.login.login" name="loginnumber" time="28.76">
    <failure type="org.openqa.selenium.NoSuchElementException" message="An element could not be located on the page using the given search parameters.
For documentation on this error, please visit: https://www.seleniumhq.org/exceptions/no_such_element.html
Build info: version: &amp;apos;3.141.59&amp;apos;, revision: &amp;apos;e82be7d358&amp;apos;, time: &amp;apos;2018-11-14T08:17:03&amp;apos;
System info: host: &amp;apos;8F3XQT2&amp;apos;, ip: &amp;apos;192.168.2.15&amp;apos;, os.name: &amp;apos;Windows 10&amp;apos;, os.arch: &amp;apos;amd64&amp;apos;, os.version: &amp;apos;10.0&amp;apos;, java.version: &amp;apos;17.0.6&amp;apos;
Driver info: io.appium.java_client.android.AndroidDriver
Capabilities {appActivity: in.deerikaexpress.djtretail..., appPackage: in.deerikaexpress.djtretailers, databaseEnabled: false, desired: {appActivity: in.deerikaexpress.djtretail..., appPackage: in.deerikaexpress.djtretailers, deviceName: android, platformName: android, platformVersion: 12}, deviceApiLevel: 31, deviceManufacturer: Xiaomi, deviceModel: 21091116I, deviceName: xs59worssodeoflb, deviceScreenDensity: 440, deviceScreenSize: 1080x2400, deviceUDID: xs59worssodeoflb, javascriptEnabled: true, locationContextEnabled: false, networkConnectionEnabled: true, pixelRatio: 2.75, platform: LINUX, platformName: android, platformVersion: 12, statBarHeight: 80, takesScreenshot: true, viewportRect: {height: 2196, left: 0, top: 80, width: 1080}, warnings: {}, webStorageEnabled: false}
Session ID: 04bf20fd-3da4-469c-84be-b64cae5b3f9d
*** Element info: {Using=xpath, value=//*[@text=&amp;apos;CONTINUE&amp;apos;]}">
      <![CDATA[org.openqa.selenium.NoSuchElementException: An element could not be located on the page using the given search parameters.
For documentation on this error, please visit: https://www.seleniumhq.org/exceptions/no_such_element.html
Build info: version: '3.141.59', revision: 'e82be7d358', time: '2018-11-14T08:17:03'
System info: host: '8F3XQT2', ip: '192.168.2.15', os.name: 'Windows 10', os.arch: 'amd64', os.version: '10.0', java.version: '17.0.6'
Driver info: io.appium.java_client.android.AndroidDriver
Capabilities {appActivity: in.deerikaexpress.djtretail..., appPackage: in.deerikaexpress.djtretailers, databaseEnabled: false, desired: {appActivity: in.deerikaexpress.djtretail..., appPackage: in.deerikaexpress.djtretailers, deviceName: android, platformName: android, platformVersion: 12}, deviceApiLevel: 31, deviceManufacturer: Xiaomi, deviceModel: 21091116I, deviceName: xs59worssodeoflb, deviceScreenDensity: 440, deviceScreenSize: 1080x2400, deviceUDID: xs59worssodeoflb, javascriptEnabled: true, locationContextEnabled: false, networkConnectionEnabled: true, pixelRatio: 2.75, platform: LINUX, platformName: android, platformVersion: 12, statBarHeight: 80, takesScreenshot: true, viewportRect: {height: 2196, left: 0, top: 80, width: 1080}, warnings: {}, webStorageEnabled: false}
Session ID: 04bf20fd-3da4-469c-84be-b64cae5b3f9d
*** Element info: {Using=xpath, value=//*[@text='CONTINUE']}
at org.openqa.selenium.remote.http.W3CHttpResponseCodec.createException(W3CHttpResponseCodec.java:187)
at org.openqa.selenium.remote.http.W3CHttpResponseCodec.decode(W3CHttpResponseCodec.java:122)
at org.openqa.selenium.remote.http.W3CHttpResponseCodec.decode(W3CHttpResponseCodec.java:49)
at org.openqa.selenium.remote.HttpCommandExecutor.execute(HttpCommandExecutor.java:158)
at io.appium.java_client.remote.AppiumCommandExecutor.execute(AppiumCommandExecutor.java:239)
at org.openqa.selenium.remote.RemoteWebDriver.execute(RemoteWebDriver.java:552)
at io.appium.java_client.DefaultGenericMobileDriver.execute(DefaultGenericMobileDriver.java:41)
at io.appium.java_client.AppiumDriver.execute(AppiumDriver.java:1)
at io.appium.java_client.android.AndroidDriver.execute(AndroidDriver.java:1)
at org.openqa.selenium.remote.RemoteWebDriver.findElement(RemoteWebDriver.java:323)
at io.appium.java_client.DefaultGenericMobileDriver.findElement(DefaultGenericMobileDriver.java:61)
at io.appium.java_client.AppiumDriver.findElement(AppiumDriver.java:1)
at io.appium.java_client.android.AndroidDriver.findElement(AndroidDriver.java:1)
at org.openqa.selenium.remote.RemoteWebDriver.findElementByXPath(RemoteWebDriver.java:428)
at io.appium.java_client.DefaultGenericMobileDriver.findElementByXPath(DefaultGenericMobileDriver.java:151)
at io.appium.java_client.AppiumDriver.findElementByXPath(AppiumDriver.java:1)
at io.appium.java_client.android.AndroidDriver.findElementByXPath(AndroidDriver.java:1)
at org.openqa.selenium.By$ByXPath.findElement(By.java:353)
at org.openqa.selenium.remote.RemoteWebDriver.findElement(RemoteWebDriver.java:315)
at io.appium.java_client.DefaultGenericMobileDriver.findElement(DefaultGenericMobileDriver.java:57)
at io.appium.java_client.AppiumDriver.findElement(AppiumDriver.java:1)
at io.appium.java_client.android.AndroidDriver.findElement(AndroidDriver.java:1)
at org.openqa.selenium.support.pagefactory.DefaultElementLocator.findElement(DefaultElementLocator.java:69)
at org.openqa.selenium.support.pagefactory.internal.LocatingElementHandler.invoke(LocatingElementHandler.java:38)
at jdk.proxy2/jdk.proxy2.$Proxy12.click(Unknown Source)
at com.djt.nativeapps.loginScreen.LoginScreen.loginsendnumber(LoginScreen.java:50)
at com.djt.testcases.testbase.login.login.loginnumber(login.java:22)
... Removed 30 stack frames]]>
    </failure>
  </testcase> <!-- loginnumber -->
</testsuite> <!-- Test -->
