<?xml version="1.0" encoding="UTF-8"?>
<testng-results ignored="0" total="3" passed="3" failed="0" skipped="0">
  <reporter-output>
    <line>
      <![CDATA[User clicked  Set location to set location manually ]]>
    </line>
    <line>
      <![CDATA[User enter location sector 51 Gurgaon and set location 51]]>
    </line>
  </reporter-output>
  <suite started-at="2023-10-11T11:36:22Z" name="Suite" finished-at="2023-10-11T11:38:15Z" duration-ms="113022">
    <groups>
    </groups>
    <test started-at="2023-10-11T11:36:22Z" name="Test" finished-at="2023-10-11T11:37:20Z" duration-ms="57666">
      <class name="com.djt.testcases.testbase.login.login">
        <test-method is-config="true" signature="init()[pri:0, instance:com.djt.testcases.testbase.login.login@7922d892]" started-at="2023-10-11T11:36:22Z" name="init" finished-at="2023-10-11T11:36:54Z" duration-ms="32064" status="PASS">
          <reporter-output>
          </reporter-output>
        </test-method> <!-- init -->
        <test-method signature="loginnumber()[pri:1, instance:com.djt.testcases.testbase.login.login@7922d892]" started-at="2023-10-11T11:36:54Z" name="loginnumber" finished-at="2023-10-11T11:37:20Z" duration-ms="25563" status="PASS">
          <reporter-output>
          </reporter-output>
        </test-method> <!-- loginnumber -->
      </class> <!-- com.djt.testcases.testbase.login.login -->
    </test> <!-- Test -->
    <test started-at="2023-10-11T11:37:20Z" name="Address Test" finished-at="2023-10-11T11:37:29Z" duration-ms="9163">
      <class name="com.djt.testcases.testbase.Adress_set.Adress_set">
        <test-method is-config="true" signature="init()[pri:0, instance:com.djt.testcases.testbase.Adress_set.Adress_set@1fb669c3]" started-at="2023-10-11T11:37:20Z" name="init" finished-at="2023-10-11T11:37:20Z" duration-ms="1" status="PASS">
          <reporter-output>
          </reporter-output>
        </test-method> <!-- init -->
        <test-method is-config="true" signature="waitt()[pri:0, instance:com.djt.testcases.testbase.Adress_set.Adress_set@1fb669c3]" started-at="2023-10-11T11:37:20Z" name="waitt" finished-at="2023-10-11T11:37:20Z" depends-on-methods="com.djt.testcases.testbase.TestBase.init" duration-ms="15" status="PASS">
          <reporter-output>
          </reporter-output>
        </test-method> <!-- waitt -->
        <test-method signature="setaddress()[pri:0, instance:com.djt.testcases.testbase.Adress_set.Adress_set@1fb669c3]" started-at="2023-10-11T11:37:20Z" name="setaddress" finished-at="2023-10-11T11:37:29Z" duration-ms="9141" status="PASS">
          <reporter-output>
            <line>
              <![CDATA[User clicked  Set location to set location manually ]]>
            </line>
            <line>
              <![CDATA[User enter location sector 51 Gurgaon and set location 51]]>
            </line>
          </reporter-output>
        </test-method> <!-- setaddress -->
      </class> <!-- com.djt.testcases.testbase.Adress_set.Adress_set -->
    </test> <!-- Address Test -->
    <test started-at="2023-10-11T11:37:29Z" name="RightNavigation_Test" finished-at="2023-10-11T11:38:15Z" duration-ms="46004">
      <class name="com.djt.testcases.RightNavigation.RightNavigatio_Testcases">
        <test-method is-config="true" signature="init()[pri:0, instance:com.djt.testcases.RightNavigation.RightNavigatio_Testcases@68702e03]" started-at="2023-10-11T11:37:29Z" name="init" finished-at="2023-10-11T11:37:29Z" duration-ms="1" status="PASS">
          <reporter-output>
          </reporter-output>
        </test-method> <!-- init -->
        <test-method is-config="true" signature="waitt()[pri:0, instance:com.djt.testcases.RightNavigation.RightNavigatio_Testcases@68702e03]" started-at="2023-10-11T11:37:29Z" name="waitt" finished-at="2023-10-11T11:37:29Z" depends-on-methods="com.djt.testcases.testbase.TestBase.init" duration-ms="23" status="PASS">
          <reporter-output>
          </reporter-output>
        </test-method> <!-- waitt -->
        <test-method signature="rightNavigation()[pri:0, instance:com.djt.testcases.RightNavigation.RightNavigatio_Testcases@68702e03]" started-at="2023-10-11T11:37:29Z" name="rightNavigation" finished-at="2023-10-11T11:38:15Z" duration-ms="45973" status="PASS">
          <reporter-output>
          </reporter-output>
        </test-method> <!-- rightNavigation -->
      </class> <!-- com.djt.testcases.RightNavigation.RightNavigatio_Testcases -->
    </test> <!-- RightNavigation_Test -->
  </suite> <!-- Suite -->
</testng-results>
